SF:lib\DatabaseHelper.dart
DA:13,1
DA:19,1
DA:20,1
DA:21,1
DA:22,1
DA:23,1
DA:24,1
DA:25,1
DA:29,1
DA:30,1
DA:31,1
DA:32,1
DA:33,1
DA:34,1
DA:38,1
DA:40,5
DA:57,0
DA:58,0
DA:62,0
DA:64,0
DA:68,0
DA:69,0
DA:70,0
DA:71,0
DA:72,0
DA:73,0
DA:74,0
DA:76,0
DA:77,0
DA:82,0
DA:83,0
DA:84,0
DA:85,0
DA:88,0
DA:89,0
DA:90,0
DA:92,0
DA:97,0
DA:98,0
DA:99,0
DA:101,0
DA:106,0
DA:107,0
DA:108,0
DA:109,0
DA:112,0
DA:113,0
DA:114,0
DA:117,0
DA:119,0
DA:122,0
DA:123,0
DA:124,0
DA:125,0
DA:126,0
DA:127,0
DA:128,0
DA:129,0
DA:130,0
DA:135,0
DA:136,0
DA:137,0
DA:138,0
DA:139,0
DA:140,0
DA:141,0
DA:142,0
DA:143,0
DA:148,0
DA:152,0
DA:153,0
DA:155,0
DA:156,0
DA:158,0
DA:161,0
DA:166,0
DA:167,0
DA:168,0
DA:171,0
DA:172,0
DA:178,0
DA:184,0
DA:190,0
DA:196,0
DA:202,0
DA:208,0
DA:214,0
DA:220,0
DA:226,0
DA:232,0
DA:237,0
DA:243,0
DA:249,0
DA:255,0
DA:262,0
DA:268,0
DA:273,0
DA:278,0
DA:284,0
DA:289,0
DA:294,0
DA:299,0
DA:306,0
DA:312,0
DA:317,0
DA:323,0
DA:329,0
DA:334,0
DA:340,0
DA:346,0
DA:353,0
DA:358,0
DA:364,0
DA:370,0
DA:376,0
DA:382,0
DA:388,0
DA:394,0
DA:401,0
DA:406,0
DA:412,0
DA:417,0
DA:423,0
DA:428,0
DA:433,0
DA:439,0
DA:445,0
DA:451,0
DA:457,0
DA:463,0
DA:469,0
DA:475,0
DA:481,0
DA:487,0
LF:134
LH:16
end_of_record
SF:lib\FAQ_page.dart
DA:10,2
DA:12,2
DA:14,2
DA:20,2
DA:22,2
DA:27,2
DA:28,2
DA:30,2
DA:42,2
DA:44,2
DA:46,2
DA:50,2
DA:52,2
DA:54,2
DA:64,2
DA:65,4
DA:67,2
DA:68,1
DA:69,2
DA:71,2
DA:73,1
DA:77,2
DA:78,2
DA:79,2
DA:82,2
DA:89,2
DA:91,2
DA:92,2
DA:100,2
DA:102,2
DA:103,2
DA:106,2
DA:122,2
LF:33
LH:33
end_of_record
SF:lib\customAppBar.dart
DA:4,52
DA:6,4
DA:8,4
DA:12,4
DA:51,1
DA:53,1
DA:55,4
LF:7
LH:7
end_of_record
SF:lib\customDrawer.dart
DA:12,30
DA:16,2
DA:18,2
DA:20,2
DA:23,2
DA:34,2
DA:40,2
DA:46,0
DA:47,0
DA:51,2
DA:57,2
DA:64,0
DA:65,0
DA:69,2
DA:75,2
DA:82,1
DA:83,1
DA:87,2
DA:93,2
DA:100,0
DA:101,0
DA:105,2
DA:111,2
DA:118,1
DA:119,1
DA:123,2
DA:124,2
DA:126,2
DA:133,0
DA:134,0
DA:135,0
DA:136,0
DA:137,0
LF:33
LH:22
end_of_record
SF:lib\Login_widget.dart
DA:10,2
DA:13,1
DA:14,1
DA:23,0
DA:24,0
DA:27,0
DA:28,0
DA:29,0
DA:30,0
DA:32,0
DA:33,0
DA:35,0
DA:36,0
DA:43,0
DA:48,1
DA:50,2
DA:51,1
DA:54,1
DA:55,1
DA:56,1
DA:57,1
DA:58,1
DA:60,1
DA:61,1
DA:62,1
DA:63,1
DA:70,1
DA:73,1
DA:74,1
DA:106,1
DA:109,1
DA:110,1
DA:111,1
DA:113,1
DA:114,1
DA:116,1
DA:118,1
DA:120,1
DA:121,1
DA:124,1
DA:125,1
DA:135,1
DA:137,1
DA:139,1
DA:141,1
DA:142,1
DA:153,1
DA:155,1
DA:156,3
DA:157,0
DA:160,1
DA:169,1
DA:172,1
DA:173,1
DA:175,1
DA:176,0
DA:178,0
DA:191,1
DA:194,1
DA:201,1
DA:202,0
DA:204,0
LF:62
LH:46
end_of_record
SF:lib\firebase_auth.dart
DA:10,0
DA:12,0
LF:2
LH:0
end_of_record
SF:lib\MealsProvider.dart
DA:8,0
DA:10,0
DA:11,0
DA:12,0
DA:13,0
DA:16,0
DA:17,0
DA:18,0
DA:21,0
DA:22,0
DA:23,0
DA:25,0
DA:26,0
DA:27,0
DA:31,0
DA:32,0
DA:33,0
DA:35,0
DA:36,0
LF:19
LH:0
end_of_record
SF:lib\Nutrition_page.dart
DA:13,0
DA:15,0
DA:16,0
DA:23,0
DA:24,0
DA:28,0
DA:29,0
DA:30,0
DA:32,0
DA:33,0
DA:36,0
DA:37,0
DA:38,0
DA:43,0
DA:45,0
DA:46,0
DA:49,0
DA:50,0
DA:51,0
DA:54,0
DA:55,0
DA:56,0
DA:57,0
DA:58,0
DA:59,0
DA:63,0
DA:65,0
DA:66,0
DA:68,0
DA:69,0
DA:70,0
DA:73,0
DA:77,0
DA:78,0
DA:80,0
DA:97,0
DA:99,0
DA:101,0
DA:102,0
DA:103,0
DA:110,0
DA:111,0
DA:112,0
DA:114,0
DA:115,0
DA:117,0
DA:118,0
DA:125,0
DA:126,0
DA:127,0
DA:128,0
DA:131,0
DA:132,0
DA:137,0
DA:138,0
DA:140,0
DA:141,0
DA:142,0
DA:143,0
DA:145,0
DA:146,0
DA:147,0
DA:148,0
DA:157,0
DA:158,0
DA:159,0
DA:161,0
DA:175,0
DA:177,0
DA:180,0
DA:181,0
DA:182,0
DA:183,0
DA:184,0
DA:191,0
DA:192,0
DA:205,0
DA:206,0
DA:207,0
DA:208,0
DA:209,0
DA:212,0
DA:213,0
DA:214,0
DA:216,0
DA:217,0
DA:221,0
DA:222,0
DA:223,0
LF:89
LH:0
end_of_record
SF:lib\ProfileEditor.dart
DA:18,0
DA:32,0
DA:33,0
DA:47,0
DA:49,0
DA:51,0
DA:52,0
DA:53,0
DA:54,0
DA:55,0
DA:56,0
DA:57,0
DA:58,0
DA:59,0
DA:60,0
DA:61,0
DA:62,0
DA:63,0
DA:64,0
DA:67,0
DA:69,0
DA:70,0
DA:71,0
DA:72,0
DA:73,0
DA:74,0
DA:75,0
DA:76,0
DA:77,0
DA:78,0
DA:81,0
DA:83,0
DA:85,0
DA:86,0
DA:87,0
DA:88,0
DA:89,0
DA:90,0
DA:91,0
DA:92,0
DA:93,0
DA:94,0
DA:95,0
DA:96,0
DA:99,0
DA:100,0
DA:106,0
DA:108,0
DA:111,0
DA:113,0
DA:115,0
DA:117,0
DA:137,0
DA:138,0
DA:141,0
DA:142,0
DA:143,0
DA:144,0
DA:148,0
DA:149,0
DA:160,0
DA:161,0
DA:164,0
DA:165,0
DA:166,0
DA:167,0
DA:171,0
DA:172,0
DA:173,0
DA:179,0
DA:180,0
DA:182,0
DA:184,0
DA:185,0
DA:186,0
DA:187,0
DA:196,0
DA:197,0
DA:200,0
DA:201,0
DA:202,0
DA:203,0
DA:207,0
DA:208,0
DA:214,0
DA:215,0
DA:223,0
DA:224,0
DA:227,0
DA:228,0
DA:229,0
DA:230,0
DA:234,0
DA:235,0
DA:242,0
DA:243,0
DA:244,0
DA:252,0
DA:253,0
DA:256,0
DA:257,0
DA:258,0
DA:259,0
DA:263,0
DA:264,0
DA:271,0
DA:272,0
DA:273,0
DA:281,0
DA:282,0
DA:285,0
DA:286,0
DA:287,0
DA:288,0
DA:292,0
DA:293,0
DA:300,0
DA:301,0
DA:302,0
DA:310,0
DA:311,0
DA:314,0
DA:315,0
DA:316,0
DA:317,0
DA:321,0
DA:322,0
DA:329,0
DA:330,0
DA:331,0
DA:339,0
DA:340,0
DA:343,0
DA:344,0
DA:345,0
DA:346,0
DA:350,0
DA:351,0
DA:358,0
DA:359,0
DA:360,0
DA:368,0
DA:369,0
DA:372,0
DA:373,0
DA:374,0
DA:375,0
DA:379,0
DA:380,0
DA:381,0
DA:387,0
DA:392,0
DA:393,0
DA:395,0
DA:397,0
DA:398,0
DA:399,0
DA:400,0
DA:408,0
DA:410,0
DA:412,0
DA:413,0
DA:414,0
DA:415,0
DA:417,0
DA:418,0
DA:419,0
DA:420,0
DA:423,0
DA:424,0
LF:170
LH:0
end_of_record
SF:lib\ProfileScreen.dart
DA:10,0
DA:11,0
DA:29,0
DA:31,0
DA:32,0
DA:35,0
DA:36,0
DA:39,0
DA:40,0
DA:41,0
DA:44,0
DA:48,0
DA:51,0
DA:53,0
DA:54,0
DA:56,0
DA:57,0
DA:58,0
DA:59,0
DA:60,0
DA:61,0
DA:62,0
DA:63,0
DA:64,0
DA:65,0
DA:69,0
DA:73,0
DA:74,0
DA:75,0
DA:76,0
DA:77,0
DA:78,0
DA:79,0
DA:80,0
DA:81,0
DA:82,0
DA:83,0
DA:84,0
DA:85,0
DA:86,0
DA:87,0
DA:90,0
DA:92,0
DA:96,0
DA:98,0
DA:101,0
DA:102,0
DA:104,0
DA:106,0
DA:125,0
DA:127,0
DA:129,0
DA:131,0
DA:133,0
DA:135,0
DA:137,0
DA:139,0
DA:141,0
DA:143,0
DA:145,0
DA:147,0
DA:149,0
DA:151,0
DA:153,0
DA:155,0
DA:157,0
DA:159,0
DA:161,0
DA:163,0
DA:165,0
DA:166,0
DA:167,0
DA:168,0
DA:169,0
DA:171,0
DA:172,0
DA:173,0
DA:174,0
DA:176,0
DA:177,0
DA:206,0
DA:211,0
DA:213,0
DA:215,0
DA:219,0
DA:225,0
DA:226,0
DA:229,0
DA:230,0
DA:231,0
DA:232,0
DA:236,0
DA:237,0
DA:238,0
DA:239,0
LF:95
LH:0
end_of_record
SF:lib\favorites_list_screen.dart
DA:12,1
DA:14,0
DA:15,0
DA:22,0
DA:24,0
DA:25,0
DA:28,0
DA:30,0
DA:31,0
DA:32,0
DA:36,0
DA:39,0
DA:41,0
DA:45,0
DA:46,0
DA:47,0
DA:48,0
DA:49,0
DA:50,0
DA:51,0
DA:58,0
DA:60,0
DA:61,0
DA:69,0
DA:74,0
DA:75,0
DA:76,0
DA:77,0
DA:78,0
DA:79,0
DA:81,0
DA:82,0
DA:83,0
DA:86,0
DA:87,0
DA:90,0
DA:91,0
DA:94,0
DA:95,0
DA:96,0
DA:97,0
DA:98,0
DA:99,0
DA:104,0
DA:105,0
DA:106,0
DA:111,0
DA:116,0
DA:118,0
DA:120,0
DA:121,0
DA:123,0
DA:126,0
DA:129,0
DA:133,0
DA:137,0
DA:162,0
DA:166,0
DA:167,0
DA:168,0
DA:169,0
DA:173,0
DA:175,0
DA:177,0
DA:189,0
DA:199,0
DA:202,0
DA:203,0
DA:207,0
DA:209,0
DA:211,0
DA:215,0
DA:241,0
DA:242,0
DA:243,0
DA:244,0
DA:245,0
DA:246,0
DA:256,0
DA:262,0
DA:263,0
DA:275,0
LF:82
LH:1
end_of_record
SF:lib\muscle_exercise_page.dart
DA:14,3
DA:16,3
DA:17,3
DA:31,2
DA:33,2
DA:37,2
DA:39,2
DA:72,2
DA:73,2
DA:79,4
DA:80,2
DA:81,4
DA:82,2
DA:84,2
DA:86,2
DA:87,2
DA:88,2
DA:89,0
DA:90,0
DA:92,0
DA:93,0
DA:95,0
DA:96,0
DA:101,2
DA:102,2
DA:103,2
DA:105,2
DA:108,2
DA:109,2
DA:110,2
DA:111,4
DA:116,2
LF:32
LH:26
end_of_record
SF:lib\exercise_list_screen.dart
DA:14,1
DA:21,1
DA:22,1
DA:29,1
DA:31,1
DA:32,1
DA:35,1
DA:37,5
DA:38,2
DA:39,2
DA:43,1
DA:45,1
DA:48,1
DA:49,1
DA:56,1
DA:57,1
DA:58,1
DA:59,1
DA:60,1
DA:67,1
DA:68,3
DA:70,1
DA:71,2
DA:79,1
DA:83,2
DA:84,0
DA:85,0
DA:86,0
DA:88,0
DA:89,0
DA:90,0
DA:91,0
DA:92,0
DA:93,0
DA:96,0
DA:97,0
DA:98,0
DA:99,0
DA:100,0
DA:103,0
DA:104,0
DA:105,0
DA:106,0
DA:109,0
DA:110,0
DA:112,0
DA:114,0
DA:116,0
DA:117,0
DA:118,0
DA:119,0
DA:120,0
DA:125,0
DA:126,0
DA:131,0
DA:133,0
DA:134,0
DA:135,0
DA:137,0
DA:138,0
DA:139,0
DA:148,0
DA:150,0
DA:151,0
DA:155,0
DA:156,0
DA:160,0
DA:161,0
DA:165,0
DA:167,0
DA:176,0
DA:179,0
LF:72
LH:25
end_of_record
SF:lib\fireStoreHelper.dart
DA:7,0
DA:10,0
DA:20,0
DA:21,0
DA:24,0
DA:25,0
DA:27,0
DA:28,0
DA:29,0
DA:36,0
DA:38,0
DA:39,0
DA:40,0
DA:41,0
DA:42,0
DA:43,0
DA:44,0
DA:52,0
DA:53,0
DA:54,0
DA:55,0
DA:56,0
DA:57,0
DA:58,0
DA:59,0
DA:62,0
DA:63,0
DA:64,0
DA:65,0
DA:66,0
DA:67,0
DA:68,0
DA:69,0
DA:70,0
DA:73,0
DA:74,0
DA:75,0
DA:76,0
DA:77,0
DA:78,0
DA:79,0
DA:81,0
DA:85,0
DA:86,0
DA:88,0
DA:89,0
DA:90,0
LF:47
LH:0
end_of_record
SF:lib\home_page.dart
DA:7,1
DA:9,0
DA:10,0
DA:16,0
DA:18,0
DA:20,0
DA:23,0
LF:7
LH:1
end_of_record
